SLF4J: Failed to load class "org.slf4j.impl.StaticLoggerBinder".
SLF4J: Defaulting to no-operation (NOP) logger implementation
SLF4J: See http://www.slf4j.org/codes.html#StaticLoggerBinder for further details.
Soot started on Tue Sep 24 20:14:51 UTC 2024
******************
Classes loaded:         827
Special calls:          502
JNI calls:              86
<java.lang.Object: int hashCode()>152
<java.lang.Object: java.lang.Object clone()>1405
<java.lang.Object: java.lang.Object clone()>283
<java.lang.Object: java.lang.Object clone()>361
<java.lang.Object: int hashCode()>311
<java.lang.Object: java.lang.Class getClass()>133
<java.io.FileOutputStream: void write(int,boolean)>290
<java.lang.Object: java.lang.Object clone()>443
<java.lang.Object: java.lang.Object clone()>762
<java.lang.Class: java.lang.Class[] getInterfaces0()>848
<java.lang.Object: java.lang.Object clone()>245
<java.lang.Object: java.lang.Object clone()>641
<java.lang.Object: java.lang.Object clone()>66
<java.lang.Object: java.lang.Object clone()>559
<java.lang.Object: java.lang.Object clone()>3874
<java.lang.Object: int hashCode()>192
<java.lang.Object: java.lang.Object clone()>1259
<java.lang.Object: int hashCode()>186
<java.lang.Object: java.lang.Object clone()>393
<java.lang.Object: java.lang.Object clone()>273
<java.io.FileOutputStream: void writeBytes(byte[],int,int,boolean)>326
<java.lang.Object: java.lang.Object clone()>274
<java.lang.Object: java.lang.Object clone()>472
<java.lang.Object: int hashCode()>341
<java.lang.Class: java.lang.Class[] getInterfaces0()>852
<java.lang.Object: java.lang.Object clone()>752
<java.lang.Object: java.lang.Object clone()>115
<java.lang.Object: java.lang.Object clone()>710
<java.lang.Object: java.lang.Object clone()>831
<java.lang.Thread: void interrupt0()>931
<java.lang.Object: java.lang.Object clone()>277
<java.lang.Object: int hashCode()>625
<java.lang.Object: int hashCode()>900
<java.lang.Object: java.lang.Object clone()>309
<java.lang.Object: java.lang.Object clone()>629
<java.lang.Object: java.lang.Object clone()>701
<java.lang.Object: java.lang.Object clone()>547
<java.lang.Object: java.lang.Object clone()>305
<java.lang.Object: java.lang.Object clone()>108
<java.lang.Object: java.lang.Object clone()>1169
<java.lang.Class: java.lang.Class getDeclaringClass0()>1235
<java.lang.Object: java.lang.Object clone()>1962
<java.lang.Object: java.lang.Object clone()>1008
<java.lang.Object: java.lang.Object clone()>95
<java.lang.ClassLoader: void resolveClass0(java.lang.Class)>957
<java.lang.ClassLoader: java.lang.Class findBootstrapClass(java.lang.String)>1008
<java.io.FileOutputStream: void writeBytes(byte[],int,int,boolean)>313
<java.lang.ClassLoader: java.lang.Class findLoadedClass0(java.lang.String)>1031
<java.lang.Thread: void interrupt0()>926
<java.lang.Object: int hashCode()>132
<java.lang.Object: java.lang.Object clone()>147
<java.lang.Object: java.lang.Object clone()>664
<java.lang.Object: java.lang.Object clone()>303
<java.lang.Class: java.lang.String getName0()>642
<java.util.zip.Deflater: int deflateBytes(long,byte[],int,int,int)>444
<java.io.FileInputStream: int read0()>207
<java.lang.Object: java.lang.Object clone()>101
<java.lang.Object: int hashCode()>657
<java.lang.Object: java.lang.Object clone()>266
<java.lang.Object: java.lang.Object clone()>586
<java.lang.Object: java.lang.Object clone()>618
<java.lang.Class: java.lang.Object[] getEnclosingMethod0()>1072
<java.lang.Object: java.lang.Object clone()>613
<java.lang.Object: java.lang.Object clone()>5598
<java.lang.Object: int hashCode()>808
<java.lang.Object: java.lang.Object clone()>736
<java.lang.Object: java.lang.Object clone()>1274
<java.io.FileInputStream: int readBytes(byte[],int,int)>255
<java.util.zip.Inflater: int inflateBytes(long,byte[],int,int)>259
<java.lang.Object: int hashCode()>128
<java.lang.Class: java.lang.String getGenericSignature0()>2544
<java.lang.Object: int hashCode()>645
<java.lang.Object: java.lang.Object clone()>258
<java.lang.Object: java.lang.Object clone()>137
<java.lang.Object: java.lang.Object clone()>215
<java.lang.Object: java.lang.Object clone()>177
<java.lang.Object: java.lang.Object clone()>211
<java.lang.Object: java.lang.Object clone()>256
<java.lang.Object: java.lang.Object clone()>848
<java.lang.Object: java.lang.Object clone()>805
<java.lang.Object: int hashCode()>1094
<java.lang.Object: java.lang.Object clone()>1184
<java.lang.Object: java.lang.Object clone()>724
<java.lang.Object: java.lang.Object clone()>725
<java.lang.Object: java.lang.Object clone()>1101
<java.lang.Object: java.lang.Object clone()>71
Virtual calls:          5345
Static calls:           1194
Total objects allocated:1068
Escaped objects:        475
Escaped via JNI calls:  20
Escaped JNI objects out of all escaped objects: 4%
Methods analyzed:       3260
******************
SLF4J: Failed to load class "org.slf4j.impl.StaticLoggerBinder".
SLF4J: Defaulting to no-operation (NOP) logger implementation
SLF4J: See http://www.slf4j.org/codes.html#StaticLoggerBinder for further details.
Soot started on Mon Oct 14 04:46:11 UTC 2024
******************
Classes:          1586
Special:          2139
JNI:              133
Virtual:          55107
Static:           4514
New Obj:          2146
Escaped via JNI:  10
Methods analyzed: 7679
-------------------
Soot finished on Mon Oct 14 04:49:59 UTC 2024
Soot has run for 3 min. 47 sec.
