SLF4J: Failed to load class "org.slf4j.impl.StaticLoggerBinder".
SLF4J: Defaulting to no-operation (NOP) logger implementation
SLF4J: See http://www.slf4j.org/codes.html#StaticLoggerBinder for further details.
Soot started on Tue Sep 24 20:34:46 UTC 2024
******************
Classes loaded:         915
Special calls:          737
JNI calls:              87
Virtual calls:          5932
Static calls:           1611
Total objects allocated:1255
Escaped objects:        572
Escaped via JNI calls:  24
Escaped JNI objects out of all escaped objects: 4%
Methods analyzed:       3660
******************
SLF4J: Failed to load class "org.slf4j.impl.StaticLoggerBinder".
SLF4J: Defaulting to no-operation (NOP) logger implementation
SLF4J: See http://www.slf4j.org/codes.html#StaticLoggerBinder for further details.
Soot started on Mon Oct 14 04:43:13 UTC 2024
******************
Classes:          1412
Special:          1702
JNI:              125
Virtual:          48124
Static:           4141
New Obj:          2009
Escaped via JNI:  8
Methods analyzed: 6737
-------------------
Soot finished on Mon Oct 14 04:45:35 UTC 2024
Soot has run for 2 min. 22 sec.
